libraries/MaterialDrawer-develop/app/build/outputs/logs/manifest-merger-debug-report.txt
-- Merging decision tree log ---
manifest
ADDED from src\main\AndroidManifest.xml:1:1-67:12
	package
		ADDED from src\main\AndroidManifest.xml:2:5-46
		INJECTED from src\main\AndroidManifest.xml
		INJECTED from src\main\AndroidManifest.xml
	android:versionName
		INJECTED from src\main\AndroidManifest.xml
		INJECTED from src\main\AndroidManifest.xml
	xmlns:android
		ADDED from src\main\AndroidManifest.xml:1:11-69
	android:versionCode
		INJECTED from src\main\AndroidManifest.xml
		INJECTED from src\main\AndroidManifest.xml
uses-permission#android.permission.INTERNET
ADDED from src\main\AndroidManifest.xml:4:5-67
	android:name
		ADDED from src\main\AndroidManifest.xml:4:22-64
application
ADDED from src\main\AndroidManifest.xml:6:5-65:19
MERGED from [com.android.support:appcompat-v7:23.3.0] AndroidManifest.xml:25:5-20
MERGED from [com.android.support:support-vector-drawable:23.3.0] AndroidManifest.xml:7:5-20
MERGED from [com.android.support:support-v4:23.3.0] AndroidManifest.xml:22:5-20
MERGED from [com.android.support:animated-vector-drawable:23.3.0] AndroidManifest.xml:7:5-20
MERGED from [com.android.support:support-vector-drawable:23.3.0] AndroidManifest.xml:7:5-20
MERGED from [com.android.support:support-v4:23.3.0] AndroidManifest.xml:22:5-20
MERGED from [com.android.support:support-v4:23.3.0] AndroidManifest.xml:22:5-20
MERGED from [com.android.support:support-v4:23.3.0] AndroidManifest.xml:22:5-20
MERGED from [com.android.support:design:23.3.0] AndroidManifest.xml:22:5-20
MERGED from [com.android.support:appcompat-v7:23.3.0] AndroidManifest.xml:25:5-20
MERGED from [com.android.support:support-vector-drawable:23.3.0] AndroidManifest.xml:7:5-20
MERGED from [com.android.support:support-v4:23.3.0] AndroidManifest.xml:22:5-20
MERGED from [com.android.support:animated-vector-drawable:23.3.0] AndroidManifest.xml:7:5-20
MERGED from [com.android.support:support-vector-drawable:23.3.0] AndroidManifest.xml:7:5-20
MERGED from [com.android.support:support-v4:23.3.0] AndroidManifest.xml:22:5-20
MERGED from [com.android.support:support-v4:23.3.0] AndroidManifest.xml:22:5-20
MERGED from [com.android.support:support-v4:23.3.0] AndroidManifest.xml:22:5-20
MERGED from [com.android.support:support-v4:23.3.0] AndroidManifest.xml:22:5-20
MERGED from [com.android.support:appcompat-v7:23.3.0] AndroidManifest.xml:25:5-20
MERGED from [com.android.support:support-vector-drawable:23.3.0] AndroidManifest.xml:7:5-20
MERGED from [com.android.support:support-v4:23.3.0] AndroidManifest.xml:22:5-20
MERGED from [com.android.support:animated-vector-drawable:23.3.0] AndroidManifest.xml:7:5-20
MERGED from [com.android.support:support-vector-drawable:23.3.0] AndroidManifest.xml:7:5-20
MERGED from [com.android.support:support-v4:23.3.0] AndroidManifest.xml:22:5-20
MERGED from [com.android.support:support-v4:23.3.0] AndroidManifest.xml:22:5-20
MERGED from [com.android.support:design:23.3.0] AndroidManifest.xml:22:5-20
MERGED from [com.android.support:appcompat-v7:23.3.0] AndroidManifest.xml:25:5-20
MERGED from [com.android.support:support-vector-drawable:23.3.0] AndroidManifest.xml:7:5-20
MERGED from [com.android.support:support-v4:23.3.0] AndroidManifest.xml:22:5-20
MERGED from [com.android.support:animated-vector-drawable:23.3.0] AndroidManifest.xml:7:5-20
MERGED from [com.android.support:support-vector-drawable:23.3.0] AndroidManifest.xml:7:5-20
MERGED from [com.android.support:support-v4:23.3.0] AndroidManifest.xml:22:5-20
MERGED from [com.android.support:support-v4:23.3.0] AndroidManifest.xml:22:5-20
MERGED from [com.android.support:support-v4:23.3.0] AndroidManifest.xml:22:5-20
MERGED from [com.android.support:support-v4:23.3.0] AndroidManifest.xml:22:5-20
MERGED from [com.android.support:cardview-v7:23.3.0] AndroidManifest.xml:22:5-20
MERGED from [com.mikepenz:aboutlibraries:5.6.3] AndroidManifest.xml:11:5-13:19
MERGED from [com.android.support:cardview-v7:23.3.0] AndroidManifest.xml:22:5-20
MERGED from [com.android.support:support-v4:23.3.0] AndroidManifest.xml:22:5-20
MERGED from [com.android.support:appcompat-v7:23.3.0] AndroidManifest.xml:25:5-20
MERGED from [com.android.support:support-vector-drawable:23.3.0] AndroidManifest.xml:7:5-20
MERGED from [com.android.support:support-v4:23.3.0] AndroidManifest.xml:22:5-20
MERGED from [com.android.support:animated-vector-drawable:23.3.0] AndroidManifest.xml:7:5-20
MERGED from [com.android.support:support-vector-drawable:23.3.0] AndroidManifest.xml:7:5-20
MERGED from [com.android.support:support-v4:23.3.0] AndroidManifest.xml:22:5-20
MERGED from [com.android.support:support-v4:23.3.0] AndroidManifest.xml:22:5-20
MERGED from [com.android.support:appcompat-v7:23.3.0] AndroidManifest.xml:25:5-20
MERGED from [com.android.support:support-vector-drawable:23.3.0] AndroidManifest.xml:7:5-20
MERGED from [com.android.support:support-v4:23.3.0] AndroidManifest.xml:22:5-20
MERGED from [com.android.support:animated-vector-drawable:23.3.0] AndroidManifest.xml:7:5-20
MERGED from [com.android.support:support-vector-drawable:23.3.0] AndroidManifest.xml:7:5-20
MERGED from [com.android.support:support-v4:23.3.0] AndroidManifest.xml:22:5-20
MERGED from [com.android.support:support-v4:23.3.0] AndroidManifest.xml:22:5-20
MERGED from [com.mikepenz:google-material-typeface:2.2.0.1] AndroidManifest.xml:27:5-20
MERGED from [com.mikepenz:octicons-typeface:3.0.0.1] AndroidManifest.xml:27:5-20
MERGED from [com.squareup.leakcanary:leakcanary-android:1.4-beta2] AndroidManifest.xml:28:5-57:19
	android:label
		ADDED from src\main\AndroidManifest.xml:10:9-41
	android:allowBackup
		ADDED from src\main\AndroidManifest.xml:8:9-35
	android:icon
		ADDED from src\main\AndroidManifest.xml:9:9-45
	android:name
		ADDED from src\main\AndroidManifest.xml:7:9-42
activity#com.mikepenz.materialdrawer.app.DrawerActivity
ADDED from src\main\AndroidManifest.xml:12:9-20:20
	android:label
		ADDED from src\main\AndroidManifest.xml:14:13-45
	android:theme
		ADDED from src\main\AndroidManifest.xml:15:13-73
	android:name
		ADDED from src\main\AndroidManifest.xml:13:13-43
intent-filter#android.intent.action.MAIN+android.intent.category.LAUNCHER
ADDED from src\main\AndroidManifest.xml:16:13-19:29
action#android.intent.action.MAIN
ADDED from src\main\AndroidManifest.xml:17:17-69
	android:name
		ADDED from src\main\AndroidManifest.xml:17:25-66
category#android.intent.category.LAUNCHER
ADDED from src\main\AndroidManifest.xml:18:17-77
	android:name
		ADDED from src\main\AndroidManifest.xml:18:27-74
activity#com.mikepenz.materialdrawer.app.CompactHeaderDrawerActivity
ADDED from src\main\AndroidManifest.xml:21:9-24:50
	android:label
		ADDED from src\main\AndroidManifest.xml:23:13-45
	android:theme
		ADDED from src\main\AndroidManifest.xml:24:13-47
	android:name
		ADDED from src\main\AndroidManifest.xml:22:13-56
activity#com.mikepenz.materialdrawer.app.PersistentDrawerActivity
ADDED from src\main\AndroidManifest.xml:25:9-28:82
	android:label
		ADDED from src\main\AndroidManifest.xml:27:13-45
	android:theme
		ADDED from src\main\AndroidManifest.xml:28:13-79
	android:name
		ADDED from src\main\AndroidManifest.xml:26:13-53
activity#com.mikepenz.materialdrawer.app.ActionBarActivity
ADDED from src\main\AndroidManifest.xml:29:9-31:68
	android:theme
		ADDED from src\main\AndroidManifest.xml:31:13-65
	android:name
		ADDED from src\main\AndroidManifest.xml:30:13-46
activity#com.mikepenz.materialdrawer.app.MenuDrawerActivity
ADDED from src\main\AndroidManifest.xml:32:9-34:76
	android:theme
		ADDED from src\main\AndroidManifest.xml:34:13-73
	android:name
		ADDED from src\main\AndroidManifest.xml:33:13-47
activity#com.mikepenz.materialdrawer.app.NonTranslucentDrawerActivity
ADDED from src\main\AndroidManifest.xml:35:9-37:58
	android:theme
		ADDED from src\main\AndroidManifest.xml:37:13-55
	android:name
		ADDED from src\main\AndroidManifest.xml:36:13-57
activity#com.mikepenz.materialdrawer.app.MultiDrawerActivity
ADDED from src\main\AndroidManifest.xml:38:9-40:76
	android:theme
		ADDED from src\main\AndroidManifest.xml:40:13-73
	android:name
		ADDED from src\main\AndroidManifest.xml:39:13-48
activity#com.mikepenz.materialdrawer.app.AdvancedActivity
ADDED from src\main\AndroidManifest.xml:41:9-43:76
	android:theme
		ADDED from src\main\AndroidManifest.xml:43:13-73
	android:name
		ADDED from src\main\AndroidManifest.xml:42:13-45
activity#com.mikepenz.materialdrawer.app.EmbeddedDrawerActivity
ADDED from src\main\AndroidManifest.xml:44:9-46:58
	android:theme
		ADDED from src\main\AndroidManifest.xml:46:13-55
	android:name
		ADDED from src\main\AndroidManifest.xml:45:13-51
activity#com.mikepenz.materialdrawer.app.MiniDrawerActivity
ADDED from src\main\AndroidManifest.xml:47:9-49:58
	android:theme
		ADDED from src\main\AndroidManifest.xml:49:13-55
	android:name
		ADDED from src\main\AndroidManifest.xml:48:13-47
activity#com.mikepenz.materialdrawer.app.FullscreenDrawerActivity
ADDED from src\main\AndroidManifest.xml:50:9-52:54
	android:theme
		ADDED from src\main\AndroidManifest.xml:52:13-51
	android:name
		ADDED from src\main\AndroidManifest.xml:51:13-53
activity#com.mikepenz.materialdrawer.app.CustomContainerActivity
ADDED from src\main\AndroidManifest.xml:53:9-55:76
	android:theme
		ADDED from src\main\AndroidManifest.xml:55:13-73
	android:name
		ADDED from src\main\AndroidManifest.xml:54:13-52
activity#com.mikepenz.materialdrawer.app.FragmentActivity
ADDED from src\main\AndroidManifest.xml:56:9-58:76
	android:theme
		ADDED from src\main\AndroidManifest.xml:58:13-73
	android:name
		ADDED from src\main\AndroidManifest.xml:57:13-45
activity#com.mikepenz.materialdrawer.app.CollapsingToolbarActivity
ADDED from src\main\AndroidManifest.xml:59:9-61:94
	android:theme
		ADDED from src\main\AndroidManifest.xml:61:13-91
	android:name
		ADDED from src\main\AndroidManifest.xml:60:13-54
activity#com.mikepenz.materialdrawer.app.CrossfadeDrawerLayoutActvitiy
ADDED from src\main\AndroidManifest.xml:62:9-64:76
	android:theme
		ADDED from src\main\AndroidManifest.xml:64:13-73
	android:name
		ADDED from src\main\AndroidManifest.xml:63:13-58
uses-sdk
INJECTED from src\main\AndroidManifest.xml reason: use-sdk injection requested
MERGED from [MaterialDrawer-develop:library:unspecified] AndroidManifest.xml:8:5-10:41
MERGED from [com.android.support:appcompat-v7:23.3.0] AndroidManifest.xml:21:5-23:78
MERGED from [com.android.support:support-vector-drawable:23.3.0] AndroidManifest.xml:5:5-43
MERGED from [com.android.support:support-v4:23.3.0] AndroidManifest.xml:20:5-43
MERGED from [com.android.support:animated-vector-drawable:23.3.0] AndroidManifest.xml:5:5-44
MERGED from [com.android.support:support-vector-drawable:23.3.0] AndroidManifest.xml:5:5-43
MERGED from [com.android.support:support-v4:23.3.0] AndroidManifest.xml:20:5-43
MERGED from [com.android.support:support-v4:23.3.0] AndroidManifest.xml:20:5-43
MERGED from [com.android.support:recyclerview-v7:23.3.0] AndroidManifest.xml:20:5-43
MERGED from [com.android.support:support-v4:23.3.0] AndroidManifest.xml:20:5-43
MERGED from [com.android.support:design:23.3.0] AndroidManifest.xml:20:5-43
MERGED from [com.android.support:appcompat-v7:23.3.0] AndroidManifest.xml:21:5-23:78
MERGED from [com.android.support:support-vector-drawable:23.3.0] AndroidManifest.xml:5:5-43
MERGED from [com.android.support:support-v4:23.3.0] AndroidManifest.xml:20:5-43
MERGED from [com.android.support:animated-vector-drawable:23.3.0] AndroidManifest.xml:5:5-44
MERGED from [com.android.support:support-vector-drawable:23.3.0] AndroidManifest.xml:5:5-43
MERGED from [com.android.support:support-v4:23.3.0] AndroidManifest.xml:20:5-43
MERGED from [com.android.support:support-v4:23.3.0] AndroidManifest.xml:20:5-43
MERGED from [com.android.support:support-v4:23.3.0] AndroidManifest.xml:20:5-43
MERGED from [com.android.support:recyclerview-v7:23.3.0] AndroidManifest.xml:20:5-43
MERGED from [com.android.support:support-v4:23.3.0] AndroidManifest.xml:20:5-43
MERGED from [com.mikepenz:materialize:0.8.8] AndroidManifest.xml:8:5-10:41
MERGED from [com.mikepenz:iconics-core:2.5.11] AndroidManifest.xml:8:5-10:41
MERGED from [com.android.support:appcompat-v7:23.3.0] AndroidManifest.xml:21:5-23:78
MERGED from [com.android.support:support-vector-drawable:23.3.0] AndroidManifest.xml:5:5-43
MERGED from [com.android.support:support-v4:23.3.0] AndroidManifest.xml:20:5-43
MERGED from [com.android.support:animated-vector-drawable:23.3.0] AndroidManifest.xml:5:5-44
MERGED from [com.android.support:support-vector-drawable:23.3.0] AndroidManifest.xml:5:5-43
MERGED from [com.android.support:support-v4:23.3.0] AndroidManifest.xml:20:5-43
MERGED from [com.android.support:support-v4:23.3.0] AndroidManifest.xml:20:5-43
MERGED from [com.mikepenz:fastadapter:1.4.1] AndroidManifest.xml:8:5-10:41
MERGED from [com.android.support:design:23.3.0] AndroidManifest.xml:20:5-43
MERGED from [com.android.support:appcompat-v7:23.3.0] AndroidManifest.xml:21:5-23:78
MERGED from [com.android.support:support-vector-drawable:23.3.0] AndroidManifest.xml:5:5-43
MERGED from [com.android.support:support-v4:23.3.0] AndroidManifest.xml:20:5-43
MERGED from [com.android.support:animated-vector-drawable:23.3.0] AndroidManifest.xml:5:5-44
MERGED from [com.android.support:support-vector-drawable:23.3.0] AndroidManifest.xml:5:5-43
MERGED from [com.android.support:support-v4:23.3.0] AndroidManifest.xml:20:5-43
MERGED from [com.android.support:support-v4:23.3.0] AndroidManifest.xml:20:5-43
MERGED from [com.android.support:support-v4:23.3.0] AndroidManifest.xml:20:5-43
MERGED from [com.android.support:recyclerview-v7:23.3.0] AndroidManifest.xml:20:5-43
MERGED from [com.android.support:support-v4:23.3.0] AndroidManifest.xml:20:5-43
MERGED from [com.android.support:cardview-v7:23.3.0] AndroidManifest.xml:20:5-43
MERGED from [com.mikepenz:aboutlibraries:5.6.3] AndroidManifest.xml:7:5-9:41
MERGED from [com.android.support:cardview-v7:23.3.0] AndroidManifest.xml:20:5-43
MERGED from [com.android.support:recyclerview-v7:23.3.0] AndroidManifest.xml:20:5-43
MERGED from [com.android.support:support-v4:23.3.0] AndroidManifest.xml:20:5-43
MERGED from [com.mikepenz:iconics-core:2.5.11] AndroidManifest.xml:8:5-10:41
MERGED from [com.android.support:appcompat-v7:23.3.0] AndroidManifest.xml:21:5-23:78
MERGED from [com.android.support:support-vector-drawable:23.3.0] AndroidManifest.xml:5:5-43
MERGED from [com.android.support:support-v4:23.3.0] AndroidManifest.xml:20:5-43
MERGED from [com.android.support:animated-vector-drawable:23.3.0] AndroidManifest.xml:5:5-44
MERGED from [com.android.support:support-vector-drawable:23.3.0] AndroidManifest.xml:5:5-43
MERGED from [com.android.support:support-v4:23.3.0] AndroidManifest.xml:20:5-43
MERGED from [com.android.support:support-v4:23.3.0] AndroidManifest.xml:20:5-43
MERGED from [com.android.support:appcompat-v7:23.3.0] AndroidManifest.xml:21:5-23:78
MERGED from [com.android.support:support-vector-drawable:23.3.0] AndroidManifest.xml:5:5-43
MERGED from [com.android.support:support-v4:23.3.0] AndroidManifest.xml:20:5-43
MERGED from [com.android.support:animated-vector-drawable:23.3.0] AndroidManifest.xml:5:5-44
MERGED from [com.android.support:support-vector-drawable:23.3.0] AndroidManifest.xml:5:5-43
MERGED from [com.android.support:support-v4:23.3.0] AndroidManifest.xml:20:5-43
MERGED from [com.android.support:support-v4:23.3.0] AndroidManifest.xml:20:5-43
MERGED from [com.mikepenz:itemanimators:0.2.4] AndroidManifest.xml:8:5-10:41
MERGED from [com.mikepenz:crossfader:1.3.7] AndroidManifest.xml:8:5-10:41
MERGED from [com.mikepenz:crossfadedrawerlayout:0.3.4] AndroidManifest.xml:8:5-10:41
MERGED from [com.mikepenz:google-material-typeface:2.2.0.1] AndroidManifest.xml:23:5-25:41
MERGED from [com.mikepenz:fontawesome-typeface:4.4.0.1] AndroidManifest.xml:8:5-10:41
MERGED from [com.mikepenz:octicons-typeface:3.0.0.1] AndroidManifest.xml:23:5-25:41
MERGED from [com.squareup.leakcanary:leakcanary-android:1.4-beta2] AndroidManifest.xml:20:5-22:41
	tools:overrideLibrary
		ADDED from [com.android.support:appcompat-v7:23.3.0] AndroidManifest.xml:23:9-75
	android:targetSdkVersion
		INJECTED from src\main\AndroidManifest.xml
		INJECTED from src\main\AndroidManifest.xml
	android:minSdkVersion
		INJECTED from src\main\AndroidManifest.xml
		INJECTED from src\main\AndroidManifest.xml
activity#com.mikepenz.aboutlibraries.ui.LibsActivity
ADDED from [com.mikepenz:aboutlibraries:5.6.3] AndroidManifest.xml:12:9-80
	android:name
		ADDED from [com.mikepenz:aboutlibraries:5.6.3] AndroidManifest.xml:12:19-77
uses-permission#android.permission.READ_EXTERNAL_STORAGE
ADDED from [com.squareup.leakcanary:leakcanary-android:1.4-beta2] AndroidManifest.xml:25:5-80
	android:name
		ADDED from [com.squareup.leakcanary:leakcanary-android:1.4-beta2] AndroidManifest.xml:25:22-77
uses-permission#android.permission.WRITE_EXTERNAL_STORAGE
ADDED from [com.squareup.leakcanary:leakcanary-android:1.4-beta2] AndroidManifest.xml:26:5-81
	android:name
		ADDED from [com.squareup.leakcanary:leakcanary-android:1.4-beta2] AndroidManifest.xml:26:22-78
service#com.squareup.leakcanary.internal.HeapAnalyzerService
ADDED from [com.squareup.leakcanary:leakcanary-android:1.4-beta2] AndroidManifest.xml:29:9-32:45
	android:enabled
		ADDED from [com.squareup.leakcanary:leakcanary-android:1.4-beta2] AndroidManifest.xml:31:13-36
	android:process
		ADDED from [com.squareup.leakcanary:leakcanary-android:1.4-beta2] AndroidManifest.xml:32:13-42
	android:name
		ADDED from [com.squareup.leakcanary:leakcanary-android:1.4-beta2] AndroidManifest.xml:30:13-80
service#com.squareup.leakcanary.DisplayLeakService
ADDED from [com.squareup.leakcanary:leakcanary-android:1.4-beta2] AndroidManifest.xml:33:9-35:39
	android:enabled
		ADDED from [com.squareup.leakcanary:leakcanary-android:1.4-beta2] AndroidManifest.xml:35:13-36
	android:name
		ADDED from [com.squareup.leakcanary:leakcanary-android:1.4-beta2] AndroidManifest.xml:34:13-70
activity#com.squareup.leakcanary.internal.DisplayLeakActivity
ADDED from [com.squareup.leakcanary:leakcanary-android:1.4-beta2] AndroidManifest.xml:37:9-49:20
	android:enabled
		ADDED from [com.squareup.leakcanary:leakcanary-android:1.4-beta2] AndroidManifest.xml:39:13-36
	android:label
		ADDED from [com.squareup.leakcanary:leakcanary-android:1.4-beta2] AndroidManifest.xml:41:13-71
	android:icon
		ADDED from [com.squareup.leakcanary:leakcanary-android:1.4-beta2] AndroidManifest.xml:40:13-54
	android:theme
		ADDED from [com.squareup.leakcanary:leakcanary-android:1.4-beta2] AndroidManifest.xml:43:13-63
	android:taskAffinity
		ADDED from [com.squareup.leakcanary:leakcanary-android:1.4-beta2] AndroidManifest.xml:42:13-59
	android:name
		ADDED from [com.squareup.leakcanary:leakcanary-android:1.4-beta2] AndroidManifest.xml:38:13-80
activity#com.squareup.leakcanary.internal.RequestStoragePermissionActivity
ADDED from [com.squareup.leakcanary:leakcanary-android:1.4-beta2] AndroidManifest.xml:50:9-56:68
	android:enabled
		ADDED from [com.squareup.leakcanary:leakcanary-android:1.4-beta2] AndroidManifest.xml:52:13-36
	android:label
		ADDED from [com.squareup.leakcanary:leakcanary-android:1.4-beta2] AndroidManifest.xml:54:13-82
	android:icon
		ADDED from [com.squareup.leakcanary:leakcanary-android:1.4-beta2] AndroidManifest.xml:53:13-54
	android:theme
		ADDED from [com.squareup.leakcanary:leakcanary-android:1.4-beta2] AndroidManifest.xml:56:13-65
	android:taskAffinity
		ADDED from [com.squareup.leakcanary:leakcanary-android:1.4-beta2] AndroidManifest.xml:55:13-59
	android:name
		ADDED from [com.squareup.leakcanary:leakcanary-android:1.4-beta2] AndroidManifest.xml:51:13-93